<?xml version="1.0" encoding="UTF-8"?>
<testng-results ignored="0" total="1" passed="1" failed="0" skipped="0">
  <reporter-output>
  </reporter-output>
  <suite started-at="2023-01-18T12:14:37 EST" name="Suite" finished-at="2023-01-18T12:15:02 EST" duration-ms="24802">
    <groups>
    </groups>
    <test started-at="2023-01-18T12:14:37 EST" name="Test" finished-at="2023-01-18T12:15:02 EST" duration-ms="24802">
      <class name="tests.AmazonTest">
        <test-method is-config="true" signature="config()[pri:0, instance:tests.AmazonTest@338fc1d8]" started-at="2023-01-18T12:14:37 EST" name="config" finished-at="2023-01-18T12:14:37 EST" duration-ms="170" status="PASS">
          <reporter-output>
          </reporter-output>
        </test-method> <!-- config -->
        <test-method is-config="true" signature="launchApp()[pri:0, instance:tests.AmazonTest@338fc1d8]" started-at="2023-01-18T12:14:37 EST" name="launchApp" finished-at="2023-01-18T12:14:42 EST" duration-ms="5658" status="PASS">
          <reporter-output>
          </reporter-output>
        </test-method> <!-- launchApp -->
        <test-method signature="shopping_cart()[pri:0, instance:tests.AmazonTest@338fc1d8]" started-at="2023-01-18T12:14:42 EST" name="shopping_cart" description="This test case searches for gel pens on Amazon.com and chooses the lowest priced pen" finished-at="2023-01-18T12:15:02 EST" duration-ms="19123" status="PASS">
          <reporter-output>
          </reporter-output>
        </test-method> <!-- shopping_cart -->
        <test-method is-config="true" signature="tearDown(org.testng.ITestResult)[pri:0, instance:tests.AmazonTest@338fc1d8]" started-at="2023-01-18T12:15:02 EST" name="tearDown" finished-at="2023-01-18T12:15:02 EST" duration-ms="2" status="PASS">
          <params>
            <param index="0">
              <value>
                <![CDATA[[TestResult name=shopping_cart status=SUCCESS method=AmazonTest.shopping_cart()[pri:0, instance:tests.AmazonTest@338fc1d8] output={null}]]]>
              </value>
            </param>
          </params>
          <reporter-output>
          </reporter-output>
        </test-method> <!-- tearDown -->
        <test-method is-config="true" signature="endTest()[pri:0, instance:tests.AmazonTest@338fc1d8]" started-at="2023-01-18T12:15:02 EST" name="endTest" finished-at="2023-01-18T12:15:02 EST" duration-ms="407" status="PASS">
          <reporter-output>
          </reporter-output>
        </test-method> <!-- endTest -->
      </class> <!-- tests.AmazonTest -->
    </test> <!-- Test -->
  </suite> <!-- Suite -->
</testng-results>
