<?xml version="1.0" encoding="UTF-8"?>
<testng-results ignored="0" total="1" passed="1" failed="0" skipped="0">
  <reporter-output>
  </reporter-output>
  <suite started-at="2023-01-17T16:54:08 EST" name="Default suite" finished-at="2023-01-17T16:55:02 EST" duration-ms="53981">
    <groups>
    </groups>
    <test started-at="2023-01-17T16:54:08 EST" name="Default test" finished-at="2023-01-17T16:55:02 EST" duration-ms="53981">
      <class name="tests.AmazonTest">
        <test-method is-config="true" signature="config()[pri:0, instance:tests.AmazonTest@6c6cb480]" started-at="2023-01-17T16:54:07 EST" name="config" finished-at="2023-01-17T16:54:08 EST" duration-ms="548" status="PASS">
          <reporter-output>
          </reporter-output>
        </test-method> <!-- config -->
        <test-method is-config="true" signature="launchApp()[pri:0, instance:tests.AmazonTest@6c6cb480]" started-at="2023-01-17T16:54:08 EST" name="launchApp" finished-at="2023-01-17T16:54:15 EST" duration-ms="7814" status="PASS">
          <reporter-output>
          </reporter-output>
        </test-method> <!-- launchApp -->
        <test-method signature="shopping_cart()[pri:0, instance:tests.AmazonTest@6c6cb480]" started-at="2023-01-17T16:54:15 EST" name="shopping_cart" description="This test case searches for gel pens on Amazon.com and chooses the lowest priced pen" finished-at="2023-01-17T16:55:02 EST" duration-ms="46106" status="PASS">
          <reporter-output>
          </reporter-output>
        </test-method> <!-- shopping_cart -->
        <test-method is-config="true" signature="tearDown(org.testng.ITestResult)[pri:0, instance:tests.AmazonTest@6c6cb480]" started-at="2023-01-17T16:55:02 EST" name="tearDown" finished-at="2023-01-17T16:55:02 EST" duration-ms="2" status="PASS">
          <params>
            <param index="0">
              <value>
                <![CDATA[[TestResult name=shopping_cart status=SUCCESS method=AmazonTest.shopping_cart()[pri:0, instance:tests.AmazonTest@6c6cb480] output={null}]]]>
              </value>
            </param>
          </params>
          <reporter-output>
          </reporter-output>
        </test-method> <!-- tearDown -->
        <test-method is-config="true" signature="endTest()[pri:0, instance:tests.AmazonTest@6c6cb480]" started-at="2023-01-17T16:55:02 EST" name="endTest" finished-at="2023-01-17T16:55:04 EST" duration-ms="1907" status="PASS">
          <reporter-output>
          </reporter-output>
        </test-method> <!-- endTest -->
      </class> <!-- tests.AmazonTest -->
    </test> <!-- Default test -->
  </suite> <!-- Default suite -->
</testng-results>
